<?xml version="1.0" encoding="UTF-8"?>
<testng-results ignored="0" total="1" passed="1" failed="0" skipped="0">
  <reporter-output>
  </reporter-output>
  <suite started-at="2025-03-22T20:24:59 IST" name="Default suite" finished-at="2025-03-22T20:25:09 IST" duration-ms="10011">
    <groups>
    </groups>
    <test started-at="2025-03-22T20:24:59 IST" name="Default test" finished-at="2025-03-22T20:25:09 IST" duration-ms="10011">
      <class name="regression.ValidateLoginUsingDataProviderExcel">
        <test-method is-config="true" signature="beforeTest()[pri:0, instance:regression.ValidateLoginUsingDataProviderExcel@1151e434]" started-at="2025-03-22T20:24:59 IST" name="beforeTest" finished-at="2025-03-22T20:24:59 IST" duration-ms="5" status="PASS">
          <reporter-output>
          </reporter-output>
        </test-method> <!-- beforeTest -->
        <test-method is-config="true" signature="setUp()[pri:0, instance:regression.ValidateLoginUsingDataProviderExcel@1151e434]" started-at="2025-03-22T20:25:00 IST" name="setUp" finished-at="2025-03-22T20:25:05 IST" duration-ms="5179" status="PASS">
          <reporter-output>
          </reporter-output>
        </test-method> <!-- setUp -->
        <test-method signature="validateLoginTest1(java.util.HashMap)[pri:0, instance:regression.ValidateLoginUsingDataProviderExcel@1151e434]" started-at="2025-03-22T20:25:05 IST" name="validateLoginTest1" description="To validate login " data-provider="getTestData" finished-at="2025-03-22T20:25:06 IST" duration-ms="914" status="PASS">
          <params>
            <param index="0">
              <value>
                <![CDATA[{expTitle=Adactin.com - Search Hotel, password=reyaz123, username=reyaz0806}]]>
              </value>
            </param>
          </params>
          <reporter-output>
          </reporter-output>
        </test-method> <!-- validateLoginTest1 -->
        <test-method is-config="true" signature="teardown()[pri:0, instance:regression.ValidateLoginUsingDataProviderExcel@1151e434]" started-at="2025-03-22T20:25:06 IST" name="teardown" finished-at="2025-03-22T20:25:09 IST" duration-ms="3259" status="PASS">
          <reporter-output>
          </reporter-output>
        </test-method> <!-- teardown -->
      </class> <!-- regression.ValidateLoginUsingDataProviderExcel -->
    </test> <!-- Default test -->
  </suite> <!-- Default suite -->
</testng-results>
