<?xml version="1.0" encoding="UTF-8"?>
<testng-results ignored="0" total="1" passed="1" failed="0" skipped="0">
  <reporter-output>
  </reporter-output>
  <suite started-at="2025-03-24T20:08:16 IST" name="Default suite" finished-at="2025-03-24T20:08:26 IST" duration-ms="9890">
    <groups>
    </groups>
    <test started-at="2025-03-24T20:08:16 IST" name="Default test" finished-at="2025-03-24T20:08:26 IST" duration-ms="9890">
      <class name="smoke.ValidateRegistrationUsingDataProvider">
        <test-method is-config="true" signature="beforeTest()[pri:0, instance:smoke.ValidateRegistrationUsingDataProvider@428640fa]" started-at="2025-03-24T20:08:16 IST" name="beforeTest" finished-at="2025-03-24T20:08:16 IST" duration-ms="6" status="PASS">
          <reporter-output>
          </reporter-output>
        </test-method> <!-- beforeTest -->
        <test-method signature="validateRegistrationTest(java.util.HashMap)[pri:0, instance:smoke.ValidateRegistrationUsingDataProvider@428640fa]" started-at="2025-03-24T20:08:17 IST" name="validateRegistrationTest" data-provider="getTestData" finished-at="2025-03-24T20:08:23 IST" duration-ms="5631" status="PASS">
          <params>
            <param index="0">
              <value>
                <![CDATA[{password=kiran123, email id=abcd@gmail.com, confirm Password=kiran123, Full  Name=Kiran Kumar, captcha=Hyderabad, expTitle=Adactin.com - New User Registration, username=kiran2403}]]>
              </value>
            </param>
          </params>
          <reporter-output>
          </reporter-output>
        </test-method> <!-- validateRegistrationTest -->
        <test-method is-config="true" signature="teardown()[pri:0, instance:smoke.ValidateRegistrationUsingDataProvider@428640fa]" started-at="2025-03-24T20:08:23 IST" name="teardown" finished-at="2025-03-24T20:08:26 IST" duration-ms="3423" status="PASS">
          <reporter-output>
          </reporter-output>
        </test-method> <!-- teardown -->
      </class> <!-- smoke.ValidateRegistrationUsingDataProvider -->
    </test> <!-- Default test -->
  </suite> <!-- Default suite -->
</testng-results>
